<?xml version="1.0" encoding="UTF-8"?>
<!-- Generated by org.testng.reporters.JUnitXMLReporter -->
<testsuite ignored="0" hostname="Shivprasad" failures="0" tests="6" name="Default test" time="0.158" errors="0" timestamp="2022-06-28T09:49:13 IST">
  <testcase classname="IMPTopics.helperClass" name="WebDriver" time="0.017"/>
  <testcase classname="IMPTopics.helperClass" name="testOneOne" time="0.007"/>
  <testcase classname="IMPTopics.helperClass" name="testThree" time="0.004"/>
  <testcase classname="IMPTopics.helperClass" name="testTwoTwo" time="0.006"/>
  <testcase classname="IMPTopics.helperClass" name="openwebpage" time="0.004"/>
  <testcase classname="IMPTopics.helperClass" name="UITesting" time="0.003"/>
</testsuite> <!-- Default test -->
