<?xml version="1.0" encoding="UTF-8"?>
<!-- Generated by org.testng.reporters.JUnitXMLReporter -->
<testsuite ignored="14" hostname="Shivprasad" failures="0" tests="4" name="Test" time="0.126" errors="0" timestamp="2022-06-28T10:02:27 IST">
  <testcase classname="IMPTopics.helperClass" name="testOneOne" time="0.017"/>
  <testcase classname="IMPTopics.helperClass" name="testTwoTwo" time="0.005"/>
  <testcase classname="IMPTopics.demo" name="testThree" time="0.002"/>
  <testcase classname="IMPTopics.demo" name="testTwo" time="0.001"/>
  <testcase classname="IMPTopics.helperClass" name="UITesting" time="0.0">
    <ignored/>
  </testcase> <!-- UITesting -->
  <testcase classname="IMPTopics.helperClass" name="openwebpage" time="0.0">
    <ignored/>
  </testcase> <!-- openwebpage -->
  <testcase classname="testNG.sample" name="testsamsung" time="0.0">
    <ignored/>
  </testcase> <!-- testsamsung -->
  <testcase classname="IMPTopics.helperClass" name="WebDriver" time="0.0">
    <ignored/>
  </testcase> <!-- WebDriver -->
  <testcase classname="IMPTopics.helperClass" name="testThree" time="0.0">
    <ignored/>
  </testcase> <!-- testThree -->
  <testcase classname="IMPTopics.testCaseClass" name="two" time="0.0">
    <ignored/>
  </testcase> <!-- two -->
  <testcase classname="IMPTopics.testCaseClass" name="one" time="0.0">
    <ignored/>
  </testcase> <!-- one -->
  <testcase classname="testNG.sample" name="testapple" time="0.0">
    <ignored/>
  </testcase> <!-- testapple -->
  <testcase classname="IMPTopics.testCaseClass" name="wthree" time="0.0">
    <ignored/>
  </testcase> <!-- wthree -->
  <testcase classname="testNG.sample" name="testShiv" time="0.0">
    <ignored/>
  </testcase> <!-- testShiv -->
  <testcase classname="IMPTopics.demo" name="testOne" time="0.0">
    <ignored/>
  </testcase> <!-- testOne -->
  <testcase classname="testNG.sample" name="testmethod" time="0.0">
    <ignored/>
  </testcase> <!-- testmethod -->
  <testcase classname="testNG.detaProviderUse" name="test" time="0.0">
    <ignored/>
  </testcase> <!-- test -->
  <testcase classname="testNG.demo" name="demoONE" time="0.0">
    <ignored/>
  </testcase> <!-- demoONE -->
</testsuite> <!-- Test -->
