<?xml version="1.0" encoding="UTF-8"?>
<testng-results ignored="14" total="18" passed="4" failed="0" skipped="0">
  <reporter-output>
  </reporter-output>
  <suite started-at="2022-06-28T10:02:27 IST" name="Suite" finished-at="2022-06-28T10:02:27 IST" duration-ms="126">
    <groups>
      <group name="testThis">
        <method signature="demo.testThree()[pri:0, instance:IMPTopics.demo@649bec2e]" name="testThree" class="IMPTopics.demo"/>
        <method signature="demo.testTwo()[pri:0, instance:IMPTopics.demo@649bec2e]" name="testTwo" class="IMPTopics.demo"/>
        <method signature="helperClass.testOneOne()[pri:0, instance:IMPTopics.helperClass@2e222612]" name="testOneOne" class="IMPTopics.helperClass"/>
        <method signature="helperClass.testTwoTwo()[pri:0, instance:IMPTopics.helperClass@2e222612]" name="testTwoTwo" class="IMPTopics.helperClass"/>
      </group> <!-- testThis -->
    </groups>
    <test started-at="2022-06-28T10:02:27 IST" name="Test" finished-at="2022-06-28T10:02:27 IST" duration-ms="126">
      <class name="IMPTopics.demo">
        <test-method signature="testThree()[pri:0, instance:IMPTopics.demo@649bec2e]" started-at="2022-06-28T10:02:27 IST" name="testThree" finished-at="2022-06-28T10:02:27 IST" duration-ms="2" status="PASS">
          <reporter-output>
          </reporter-output>
        </test-method> <!-- testThree -->
        <test-method signature="testTwo()[pri:0, instance:IMPTopics.demo@649bec2e]" started-at="2022-06-28T10:02:27 IST" name="testTwo" finished-at="2022-06-28T10:02:27 IST" duration-ms="1" status="PASS">
          <reporter-output>
          </reporter-output>
        </test-method> <!-- testTwo -->
      </class> <!-- IMPTopics.demo -->
      <class name="IMPTopics.helperClass">
        <test-method signature="testOneOne()[pri:0, instance:IMPTopics.helperClass@2e222612]" started-at="2022-06-28T10:02:27 IST" name="testOneOne" finished-at="2022-06-28T10:02:27 IST" duration-ms="17" status="PASS">
          <reporter-output>
          </reporter-output>
        </test-method> <!-- testOneOne -->
        <test-method signature="testTwoTwo()[pri:0, instance:IMPTopics.helperClass@2e222612]" started-at="2022-06-28T10:02:27 IST" name="testTwoTwo" finished-at="2022-06-28T10:02:27 IST" duration-ms="5" status="PASS">
          <reporter-output>
          </reporter-output>
        </test-method> <!-- testTwoTwo -->
      </class> <!-- IMPTopics.helperClass -->
    </test> <!-- Test -->
  </suite> <!-- Suite -->
</testng-results>
